<?xml version="1.0" encoding="UTF-8"?>
<testsuite xmlns:xsi="http://www.w3.org/2001/XMLSchema-instance" xsi:noNamespaceSchemaLocation="https://maven.apache.org/surefire/maven-surefire-plugin/xsd/surefire-test-report.xsd" name="TestSuite" time="107.769" tests="1" errors="0" skipped="0" failures="1">
  <properties>
[...]
</properties>
  <testcase name="createPolicyNumbers" classname="Tests.TestDataForEndCanRein" time="77.684">
    <failure message="no such element: Unable to locate element: {&quot;method&quot;:&quot;xpath&quot;,&quot;selector&quot;:&quot;//input[@id=&apos;txtInsuredName&apos;]&quot;}&#10;  (Session info: chrome=96.0.4664.110)&#10;For documentation on this error, please visit: https://www.seleniumhq.org/exceptions/no_such_element.html&#10;Build info: version: &apos;3.141.59&apos;, revision: &apos;e82be7d358&apos;, time: &apos;2018-11-14T08:17:03&apos;&#10;System info: host: &apos;DESKTOP-C3IEI47&apos;, ip: &apos;172.27.234.89&apos;, os.name: &apos;Windows 10&apos;, os.arch: &apos;amd64&apos;, os.version: &apos;10.0&apos;, java.version: &apos;1.8.0_161&apos;&#10;Driver info: org.openqa.selenium.chrome.ChromeDriver&#10;Capabilities {acceptInsecureCerts: false, browserName: chrome, browserVersion: 96.0.4664.110, chrome: {chromedriverVersion: 96.0.4664.45 (76e4c1bb2ab46..., userDataDir: C:\conda_tmp\scoped_dir1496...}, goog:chromeOptions: {debuggerAddress: localhost:64063}, javascriptEnabled: true, networkConnectionEnabled: false, pageLoadStrategy: normal, platform: WINDOWS, platformName: WINDOWS, proxy: Proxy(), setWindowRect: true, strictFileInteractability: false, timeouts: {implicit: 0, pageLoad: 300000, script: 30000}, unhandledPromptBehavior: dismiss and notify, webauthn:extension:credBlob: true, webauthn:extension:largeBlob: true, webauthn:virtualAuthenticators: true}&#10;Session ID: 2d5e9be6fd670b95d98cf3dd743d5f7e&#10;*** Element info: {Using=xpath, value=//input[@id=&apos;txtInsuredName&apos;]}" type="org.openqa.selenium.NoSuchElementException">org.openqa.selenium.NoSuchElementException: 
no such element: Unable to locate element: {"method":"xpath","selector":"//input[@id='txtInsuredName']"}
  (Session info: chrome=96.0.4664.110)
For documentation on this error, please visit: https://www.seleniumhq.org/exceptions/no_such_element.html
Build info: version: '3.141.59', revision: 'e82be7d358', time: '2018-11-14T08:17:03'
System info: host: 'DESKTOP-C3IEI47', ip: '172.27.234.89', os.name: 'Windows 10', os.arch: 'amd64', os.version: '10.0', java.version: '1.8.0_161'
Driver info: org.openqa.selenium.chrome.ChromeDriver
Capabilities {acceptInsecureCerts: false, browserName: chrome, browserVersion: 96.0.4664.110, chrome: {chromedriverVersion: 96.0.4664.45 (76e4c1bb2ab46..., userDataDir: C:\conda_tmp\scoped_dir1496...}, goog:chromeOptions: {debuggerAddress: localhost:64063}, javascriptEnabled: true, networkConnectionEnabled: false, pageLoadStrategy: normal, platform: WINDOWS, platformName: WINDOWS, proxy: Proxy(), setWindowRect: true, strictFileInteractability: false, timeouts: {implicit: 0, pageLoad: 300000, script: 30000}, unhandledPromptBehavior: dismiss and notify, webauthn:extension:credBlob: true, webauthn:extension:largeBlob: true, webauthn:virtualAuthenticators: true}
Session ID: 2d5e9be6fd670b95d98cf3dd743d5f7e
*** Element info: {Using=xpath, value=//input[@id='txtInsuredName']}
	at Tests.TestDataForEndCanRein.createPolicyNumbers(TestDataForEndCanRein.java:77)
</failure>
    <system-out><![CDATA[[TestNGContentHandler] [WARN] It is strongly recommended to add "<!DOCTYPE suite SYSTEM "http://testng.org/testng-1.0.dtd" >" at the top of your file, otherwise TestNG may fail or not work as expected.
[INFO ] 2022-01-13 15:40:01.839 - testBase.MyLogger:startTestCase 15==>  

************** Execution Started : Test Case 7 1642068600309**************

[INFO ] 2022-01-13 15:40:04.131 - reusableComponents.ActionEngine:sendKeys_custom 31==>  User Name==> Ented value as: test.uw
[INFO ] 2022-01-13 15:40:06.355 - reusableComponents.ActionEngine:sendKeys_custom 31==>  Password==> Ented value as: 10#Hammer
[INFO ] 2022-01-13 15:40:14.181 - reusableComponents.ActionEngine:click_custom 75==>  LoginButton==> Clicked Successfully! 
[INFO ] 2022-01-13 15:40:49.348 - reusableComponents.ActionEngine:clickByJavaScriptExecutor 122==>  Generate Quote==> clicked Successfully! 
[INFO ] 2022-01-13 15:40:50.473 - reusableComponents.ActionEngine:click_custom 75==>  btn_HomeOwners==> Clicked Successfully! 
[INFO ] 2022-01-13 15:40:51.309 - reusableComponents.ActionEngine:click_custom 75==>  btn_SubmissionNo==> Clicked Successfully! 
[INFO ] 2022-01-13 15:40:53.690 - reusableComponents.ActionEngine:sendKeys_custom 31==>  txt_Add==> Ented value as: 8086 Main Street, Manchester Center, VT, USA
[INFO ] 2022-01-13 15:40:54.030 - reusableComponents.ActionEngine:selectDropDownByVisibleText_custom 188==>  dd_AgencyID==> Dropdown Value Selected by visible text: A E Woodford (AGT2121)
[INFO ] 2022-01-13 15:40:54.271 - reusableComponents.ActionEngine:selectDropDownByVisibleText_custom 188==>  dd_Agent==> Dropdown Value Selected by visible text: Sue
[INFO ] 2022-01-13 15:40:54.363 - reusableComponents.ActionEngine:click_custom 75==>  btn_Submit==> Clicked Successfully! 
]]></system-out>
    <system-err><![CDATA[[TestNG-test=NEEE Tests-1] INFO io.github.bonigarcia.wdm.WebDriverManager - Using chromedriver 96.0.4664.45 (resolved driver for Chrome 96)
[TestNG-test=NEEE Tests-1] INFO io.github.bonigarcia.wdm.WebDriverManager - Exporting webdriver.chrome.driver as C:\Users\Pratik Nishi\.cache\selenium\chromedriver\win32\96.0.4664.45\chromedriver.exe
ChromeDriver was started successfully.
Jan 13, 2022 3:39:53 PM org.openqa.selenium.remote.ProtocolHandshake createSession
INFO: Detected dialect: W3C
]]></system-err>
  </testcase>
</testsuite>